[15:58:57] [Client thread/INFO]: Setting user: Player848
[15:59:00] [Client thread/INFO]: LWJGL Version: 2.9.4
[15:59:03] [Client thread/INFO]: Reloading ResourceManager: Default, FMLFileResourcePack:Forge Mod Loader, FMLFileResourcePack:Minecraft Forge, FMLFileResourcePack:§3More Fuels Mod Light
[15:59:05] [Sound Library Loader/INFO]: Starting up SoundSystem...
[15:59:05] [Thread-7/INFO]: Initializing LWJGL OpenAL
[15:59:05] [Thread-7/INFO]: (The LWJGL binding of OpenAL.  For more information, see http://www.lwjgl.org)
[15:59:05] [Thread-7/INFO]: OpenAL initialized.
[15:59:05] [Sound Library Loader/INFO]: Sound engine started
[15:59:08] [Client thread/INFO]: Created: 16x16 textures-atlas
[15:59:08] [Client thread/INFO]: Reloading ResourceManager: Default, FMLFileResourcePack:Forge Mod Loader, FMLFileResourcePack:Minecraft Forge, FMLFileResourcePack:§3More Fuels Mod Light
[15:59:10] [Client thread/INFO]: SoundSystem shutting down...
[15:59:10] [Client thread/WARN]: Author: Paul Lamb, www.paulscode.com
[15:59:10] [Sound Library Loader/INFO]: Starting up SoundSystem...
[15:59:10] [Thread-9/INFO]: Initializing LWJGL OpenAL
[15:59:10] [Thread-9/INFO]: (The LWJGL binding of OpenAL.  For more information, see http://www.lwjgl.org)
[15:59:11] [Thread-9/INFO]: OpenAL initialized.
[15:59:11] [Sound Library Loader/INFO]: Sound engine started
[15:59:13] [Client thread/INFO]: Created: 512x512 textures-atlas
[15:59:14] [Realms Notification Availability checker #1/INFO]: Could not authorize you against Realms server: Invalid session id
[15:59:27] [Client thread/INFO]: Stopping!
[15:59:27] [Client thread/INFO]: SoundSystem shutting down...
[15:59:27] [Client thread/WARN]: Author: Paul Lamb, www.paulscode.com
